AH00558: httpd.exe: Could not reliably determine the server's fully qualified domain name, using fe80::5414:27df:8a51:7473. Set the 'ServerName' directive globally to suppress this message
[Mon Aug 28 13:40:38.533319 2023] [mpm_winnt:notice] [pid 19896:tid 216] AH00455: Apache/2.4.57 (Win64) configured -- resuming normal operations
[Mon Aug 28 13:40:38.533319 2023] [mpm_winnt:notice] [pid 19896:tid 216] AH00456: Apache Lounge VS17 Server built: Aug  2 2023 17:28:16
[Mon Aug 28 13:40:38.533319 2023] [core:notice] [pid 19896:tid 216] AH00094: Command line: 'C:\\Users\\wlovi\\OneDrive\\Desktop\\Apache24\\bin\\httpd.exe -d C:/Users/wlovi/OneDrive/Desktop/Apache24'
[Mon Aug 28 13:40:38.538571 2023] [mpm_winnt:notice] [pid 19896:tid 216] AH00418: Parent: Created child process 21144
AH00558: httpd.exe: Could not reliably determine the server's fully qualified domain name, using fe80::5414:27df:8a51:7473. Set the 'ServerName' directive globally to suppress this message
Apache server interrupted...
 reliably determine the server's fully qualified domain name, using fe80::5414:27df:8a51:7473. Set the 'ServerName' directive globally to suppress this message
[Mon Aug 28 13:40:39.023595 2023] [mpm_winnt:notice] [pid 21144:tid 332] AH00354: Child: Starting 64 worker threads.
[Mon Aug 28 13:42:28.381752 2023] [mpm_winnt:notice] [pid 19896:tid 216] AH00422: Parent: Received shutdown signal -- Shutting down the server.
Apache server interrupted...
Apache server interrupted...
Apache server interrupted...
Apache server interrupted...
[Mon Aug 28 13:42:30.392695 2023] [mpm_winnt:notice] [pid 21144:tid 332] AH00364: Child: All worker threads have exited.
[Mon Aug 28 13:42:30.448315 2023] [mpm_winnt:notice] [pid 19896:tid 216] AH00430: Parent: Child process 21144 exited successfully.
[Mon Aug 28 13:42:32.558086 2023] [mpm_winnt:notice] [pid 25480:tid 360] AH00455: Apache/2.4.57 (Win64) configured -- resuming normal operations
[Mon Aug 28 13:42:32.559086 2023] [mpm_winnt:notice] [pid 25480:tid 360] AH00456: Apache Lounge VS17 Server built: Aug  2 2023 17:28:16
[Mon Aug 28 13:42:32.559086 2023] [core:notice] [pid 25480:tid 360] AH00094: Command line: 'C:\\Users\\wlovi\\OneDrive\\Desktop\\Apache24\\bin\\httpd.exe -d C:/Users/wlovi/OneDrive/Desktop/Apache24'
[Mon Aug 28 13:42:32.564086 2023] [mpm_winnt:notice] [pid 25480:tid 360] AH00418: Parent: Created child process 12424
Apache server interrupted...
023] [mpm_winnt:notice] [pid 12424:tid 332] AH00354: Child: Starting 64 worker threads.
[Mon Aug 28 13:43:48.194517 2023] [mpm_winnt:notice] [pid 25480:tid 360] AH00422: Parent: Received shutdown signal -- Shutting down the server.
Apache server interrupted...
Apache server interrupted...
Apache server interrupted...
Apache server interrupted...
[Mon Aug 28 13:43:50.218224 2023] [mpm_winnt:notice] [pid 12424:tid 332] AH00364: Child: All worker threads have exited.
[Mon Aug 28 13:43:50.267086 2023] [mpm_winnt:notice] [pid 25480:tid 360] AH00430: Parent: Child process 12424 exited successfully.
[Mon Aug 28 13:45:45.123408 2023] [proxy_html:notice] [pid 24116:tid 384] AH01425: I18n support in mod_proxy_html requires mod_xml2enc. Without it, non-ASCII characters in proxied pages are likely to display incorrectly.
[Mon Aug 28 13:45:45.129573 2023] [proxy_http:emerg] [pid 24116:tid 384] AH02477: mod_proxy must be loaded for mod_proxy_http
[Mon Aug 28 13:45:45.129573 2023] [:emerg] [pid 24116:tid 384] AH00020: Configuration Failed, exiting
[Mon Aug 28 13:45:55.832272 2023] [core:warn] [pid 23312:tid 336] AH00098: pid file C:/Users/wlovi/OneDrive/Desktop/Apache24/logs/httpd.pid overwritten -- Unclean shutdown of previous Apache run?
[Mon Aug 28 13:45:55.834450 2023] [proxy_http:emerg] [pid 23312:tid 336] AH02477: mod_proxy must be loaded for mod_proxy_http
[Mon Aug 28 13:45:55.834450 2023] [:emerg] [pid 23312:tid 336] AH00020: Configuration Failed, exiting
[Mon Aug 28 13:45:59.061404 2023] [core:warn] [pid 21208:tid 336] AH00098: pid file C:/Users/wlovi/OneDrive/Desktop/Apache24/logs/httpd.pid overwritten -- Unclean shutdown of previous Apache run?
[Mon Aug 28 13:45:59.063456 2023] [proxy_http:emerg] [pid 21208:tid 336] AH02477: mod_proxy must be loaded for mod_proxy_http
[Mon Aug 28 13:45:59.063456 2023] [:emerg] [pid 21208:tid 336] AH00020: Configuration Failed, exiting
[Mon Aug 28 13:47:07.164570 2023] [core:warn] [pid 23172:tid 380] AH00098: pid file C:/Users/wlovi/OneDrive/Desktop/Apache24/logs/httpd.pid overwritten -- Unclean shutdown of previous Apache run?
[Mon Aug 28 13:47:07.169380 2023] [mpm_winnt:notice] [pid 23172:tid 380] AH00455: Apache/2.4.57 (Win64) configured -- resuming normal operations
[Mon Aug 28 13:47:07.169380 2023] [mpm_winnt:notice] [pid 23172:tid 380] AH00456: Apache Lounge VS17 Server built: Aug  2 2023 17:28:16
[Mon Aug 28 13:47:07.169380 2023] [core:notice] [pid 23172:tid 380] AH00094: Command line: 'C:\\Users\\wlovi\\OneDrive\\Desktop\\Apache24\\bin\\httpd.exe -d C:/Users/wlovi/OneDrive/Desktop/Apache24'
[Mon Aug 28 13:47:07.174343 2023] [mpm_winnt:notice] [pid 23172:tid 380] AH00418: Parent: Created child process 21228
Apache server interrupted...
023] [mpm_winnt:notice] [pid 21228:tid 332] AH00354: Child: Starting 64 worker threads.
[Mon Aug 28 13:48:10.577407 2023] [mpm_winnt:notice] [pid 23172:tid 380] AH00422: Parent: Received shutdown signal -- Shutting down the server.
Apache server interrupted...
Apache server interrupted...
Apache server interrupted...
Apache server interrupted...
Apache server interrupted...
[Mon Aug 28 13:48:12.588864 2023] [mpm_winnt:notice] [pid 21228:tid 332] AH00364: Child: All worker threads have exited.
[Mon Aug 28 13:48:12.635197 2023] [mpm_winnt:notice] [pid 23172:tid 380] AH00430: Parent: Child process 21228 exited successfully.
[Mon Aug 28 13:48:14.374232 2023] [mpm_winnt:notice] [pid 11752:tid 392] AH00455: Apache/2.4.57 (Win64) configured -- resuming normal operations
[Mon Aug 28 13:48:14.374749 2023] [mpm_winnt:notice] [pid 11752:tid 392] AH00456: Apache Lounge VS17 Server built: Aug  2 2023 17:28:16
[Mon Aug 28 13:48:14.374749 2023] [core:notice] [pid 11752:tid 392] AH00094: Command line: 'C:\\Users\\wlovi\\OneDrive\\Desktop\\Apache24\\bin\\httpd.exe -d C:/Users/wlovi/OneDrive/Desktop/Apache24'
[Mon Aug 28 13:48:14.378691 2023] [mpm_winnt:notice] [pid 11752:tid 392] AH00418: Parent: Created child process 1984
Apache server interrupted...
023] [mpm_winnt:notice] [pid 1984:tid 332] AH00354: Child: Starting 64 worker threads.
[Mon Aug 28 13:49:28.036688 2023] [mpm_winnt:notice] [pid 11752:tid 392] AH00422: Parent: Received shutdown signal -- Shutting down the server.
Apache server interrupted...
Apache server interrupted...
Apache server interrupted...
Apache server interrupted...
[Mon Aug 28 13:49:30.055448 2023] [mpm_winnt:notice] [pid 1984:tid 332] AH00364: Child: All worker threads have exited.
[Mon Aug 28 13:49:30.096653 2023] [mpm_winnt:notice] [pid 11752:tid 392] AH00430: Parent: Child process 1984 exited successfully.
[Mon Aug 28 13:50:05.414065 2023] [mpm_winnt:notice] [pid 20908:tid 336] AH00455: Apache/2.4.57 (Win64) configured -- resuming normal operations
[Mon Aug 28 13:50:05.414065 2023] [mpm_winnt:notice] [pid 20908:tid 336] AH00456: Apache Lounge VS17 Server built: Aug  2 2023 17:28:16
[Mon Aug 28 13:50:05.414065 2023] [core:notice] [pid 20908:tid 336] AH00094: Command line: 'C:\\Users\\wlovi\\OneDrive\\Desktop\\Apache24\\bin\\httpd.exe -d C:/Users/wlovi/OneDrive/Desktop/Apache24'
[Mon Aug 28 13:50:05.418026 2023] [mpm_winnt:notice] [pid 20908:tid 336] AH00418: Parent: Created child process 3096
Apache server interrupted...
023] [mpm_winnt:notice] [pid 3096:tid 348] AH00354: Child: Starting 64 worker threads.
[Mon Aug 28 13:51:08.536297 2023] [mpm_winnt:notice] [pid 20908:tid 336] AH00422: Parent: Received shutdown signal -- Shutting down the server.
Apache server interrupted...
Apache server interrupted...
Apache server interrupted...
Apache server interrupted...
Apache server interrupted...
Apache server interrupted...
Apache server interrupted...
Apache server interrupted...
[Mon Aug 28 13:51:10.544646 2023] [mpm_winnt:notice] [pid 3096:tid 348] AH00364: Child: All worker threads have exited.
[Mon Aug 28 13:51:10.605913 2023] [mpm_winnt:notice] [pid 20908:tid 336] AH00430: Parent: Child process 3096 exited successfully.
[Mon Aug 28 13:51:16.242302 2023] [mpm_winnt:notice] [pid 20392:tid 360] AH00455: Apache/2.4.57 (Win64) configured -- resuming normal operations
[Mon Aug 28 13:51:16.243363 2023] [mpm_winnt:notice] [pid 20392:tid 360] AH00456: Apache Lounge VS17 Server built: Aug  2 2023 17:28:16
[Mon Aug 28 13:51:16.244354 2023] [core:notice] [pid 20392:tid 360] AH00094: Command line: 'C:\\Users\\wlovi\\OneDrive\\Desktop\\Apache24\\bin\\httpd.exe -d C:/Users/wlovi/OneDrive/Desktop/Apache24'
[Mon Aug 28 13:51:16.258544 2023] [mpm_winnt:notice] [pid 20392:tid 360] AH00418: Parent: Created child process 23508
Apache server interrupted...
023] [mpm_winnt:notice] [pid 23508:tid 332] AH00354: Child: Starting 64 worker threads.
[Mon Aug 28 13:54:03.440293 2023] [mpm_winnt:notice] [pid 20392:tid 360] AH00422: Parent: Received shutdown signal -- Shutting down the server.
Apache server interrupted...
Apache server interrupted...
Apache server interrupted...
[Mon Aug 28 13:54:05.470089 2023] [mpm_winnt:notice] [pid 23508:tid 332] AH00364: Child: All worker threads have exited.
[Mon Aug 28 13:54:05.527395 2023] [mpm_winnt:notice] [pid 20392:tid 360] AH00430: Parent: Child process 23508 exited successfully.
[Mon Aug 28 13:54:07.494905 2023] [mpm_winnt:notice] [pid 11508:tid 348] AH00455: Apache/2.4.57 (Win64) configured -- resuming normal operations
[Mon Aug 28 13:54:07.495578 2023] [mpm_winnt:notice] [pid 11508:tid 348] AH00456: Apache Lounge VS17 Server built: Aug  2 2023 17:28:16
[Mon Aug 28 13:54:07.495578 2023] [core:notice] [pid 11508:tid 348] AH00094: Command line: 'C:\\Users\\wlovi\\OneDrive\\Desktop\\Apache24\\bin\\httpd.exe -d C:/Users/wlovi/OneDrive/Desktop/Apache24'
[Mon Aug 28 13:54:07.500371 2023] [mpm_winnt:notice] [pid 11508:tid 348] AH00418: Parent: Created child process 19612
Apache server interrupted...
023] [mpm_winnt:notice] [pid 19612:tid 348] AH00354: Child: Starting 64 worker threads.
[Mon Aug 28 14:06:19.948674 2023] [mpm_winnt:notice] [pid 11508:tid 348] AH00422: Parent: Received shutdown signal -- Shutting down the server.
Apache server interrupted...
Apache server interrupted...
Apache server interrupted...
[Mon Aug 28 14:06:21.964724 2023] [mpm_winnt:notice] [pid 19612:tid 348] AH00364: Child: All worker threads have exited.
[Mon Aug 28 14:06:22.024449 2023] [mpm_winnt:notice] [pid 11508:tid 348] AH00430: Parent: Child process 19612 exited successfully.
[Mon Aug 28 14:06:23.585771 2023] [mpm_winnt:notice] [pid 25416:tid 340] AH00455: Apache/2.4.57 (Win64) configured -- resuming normal operations
[Mon Aug 28 14:06:23.586777 2023] [mpm_winnt:notice] [pid 25416:tid 340] AH00456: Apache Lounge VS17 Server built: Aug  2 2023 17:28:16
[Mon Aug 28 14:06:23.586777 2023] [core:notice] [pid 25416:tid 340] AH00094: Command line: 'C:\\Users\\wlovi\\OneDrive\\Desktop\\Apache24\\bin\\httpd.exe -d C:/Users/wlovi/OneDrive/Desktop/Apache24'
[Mon Aug 28 14:06:23.592476 2023] [mpm_winnt:notice] [pid 25416:tid 340] AH00418: Parent: Created child process 3016
Apache server interrupted...
023] [mpm_winnt:notice] [pid 3016:tid 180] AH00354: Child: Starting 64 worker threads.
[Mon Aug 28 14:06:50.429798 2023] [proxy:error] [pid 3016:tid 964] [client ::1:55157] AH00898: DNS lookup failure for: acm.cs.virginia.eduassets returned by /app/assets/custom.css, referer: http://localhost/app/
[Mon Aug 28 14:06:50.429798 2023] [proxy:error] [pid 3016:tid 960] [client ::1:55156] AH00898: DNS lookup failure for: acm.cs.virginia.eduassets returned by /app/assets/bootstrap.css, referer: http://localhost/app/
[Mon Aug 28 14:06:50.445978 2023] [proxy:error] [pid 3016:tid 956] [client ::1:55159] AH00898: DNS lookup failure for: acm.cs.virginia.eduimages returned by /app/images/discord_logo_small.png, referer: http://localhost/app/
[Mon Aug 28 14:06:50.491887 2023] [proxy:error] [pid 3016:tid 952] [client ::1:55162] AH00898: DNS lookup failure for: acm.cs.virginia.edujs returned by /app/js/events.js, referer: http://localhost/app/
[Mon Aug 28 14:07:10.890937 2023] [mpm_winnt:notice] [pid 25416:tid 340] AH00422: Parent: Received shutdown signal -- Shutting down the server.
Apache server interrupted...
Apache server interrupted...
Apache server interrupted...
[Mon Aug 28 14:07:12.915313 2023] [mpm_winnt:notice] [pid 3016:tid 180] AH00364: Child: All worker threads have exited.
[Mon Aug 28 14:07:12.969998 2023] [mpm_winnt:notice] [pid 25416:tid 340] AH00430: Parent: Child process 3016 exited successfully.
[Mon Aug 28 14:07:14.266293 2023] [mpm_winnt:notice] [pid 10520:tid 356] AH00455: Apache/2.4.57 (Win64) configured -- resuming normal operations
[Mon Aug 28 14:07:14.267294 2023] [mpm_winnt:notice] [pid 10520:tid 356] AH00456: Apache Lounge VS17 Server built: Aug  2 2023 17:28:16
[Mon Aug 28 14:07:14.267294 2023] [core:notice] [pid 10520:tid 356] AH00094: Command line: 'C:\\Users\\wlovi\\OneDrive\\Desktop\\Apache24\\bin\\httpd.exe -d C:/Users/wlovi/OneDrive/Desktop/Apache24'
[Mon Aug 28 14:07:14.276240 2023] [mpm_winnt:notice] [pid 10520:tid 356] AH00418: Parent: Created child process 11980
Apache server interrupted...
023] [mpm_winnt:notice] [pid 11980:tid 360] AH00354: Child: Starting 64 worker threads.
[Mon Aug 28 14:07:30.274786 2023] [proxy:error] [pid 11980:tid 988] [client ::1:55175] AH00898: DNS lookup failure for: acm.cs.virginia.eduassets returned by /app/assets/bootstrap.css, referer: http://localhost/app/
[Mon Aug 28 14:07:30.274786 2023] [proxy:error] [pid 11980:tid 952] [client ::1:55179] AH00898: DNS lookup failure for: acm.cs.virginia.edujs returned by /app/js/events.js, referer: http://localhost/app/
[Mon Aug 28 14:07:30.274786 2023] [proxy:error] [pid 11980:tid 956] [client ::1:55178] AH00898: DNS lookup failure for: acm.cs.virginia.eduimages returned by /app/images/discord_logo_small.png, referer: http://localhost/app/
[Mon Aug 28 14:07:30.274786 2023] [proxy:error] [pid 11980:tid 960] [client ::1:55176] AH00898: DNS lookup failure for: acm.cs.virginia.eduassets returned by /app/assets/custom.css, referer: http://localhost/app/
[Mon Aug 28 14:08:43.620485 2023] [mpm_winnt:notice] [pid 10520:tid 356] AH00422: Parent: Received shutdown signal -- Shutting down the server.
Apache server interrupted...
Apache server interrupted...
Apache server interrupted...
Apache server interrupted...
[Mon Aug 28 14:08:45.633786 2023] [mpm_winnt:notice] [pid 11980:tid 360] AH00364: Child: All worker threads have exited.
[Mon Aug 28 14:08:45.692464 2023] [mpm_winnt:notice] [pid 10520:tid 356] AH00430: Parent: Child process 11980 exited successfully.
[Mon Aug 28 14:08:48.256672 2023] [mpm_winnt:notice] [pid 21688:tid 336] AH00455: Apache/2.4.57 (Win64) configured -- resuming normal operations
[Mon Aug 28 14:08:48.256672 2023] [mpm_winnt:notice] [pid 21688:tid 336] AH00456: Apache Lounge VS17 Server built: Aug  2 2023 17:28:16
[Mon Aug 28 14:08:48.256672 2023] [core:notice] [pid 21688:tid 336] AH00094: Command line: 'C:\\Users\\wlovi\\OneDrive\\Desktop\\Apache24\\bin\\httpd.exe -d C:/Users/wlovi/OneDrive/Desktop/Apache24'
[Mon Aug 28 14:08:48.265704 2023] [mpm_winnt:notice] [pid 21688:tid 336] AH00418: Parent: Created child process 9564
Apache server interrupted...
023] [mpm_winnt:notice] [pid 9564:tid 332] AH00354: Child: Starting 64 worker threads.
[Mon Aug 28 14:09:10.389329 2023] [mpm_winnt:notice] [pid 21688:tid 336] AH00422: Parent: Received shutdown signal -- Shutting down the server.
Apache server interrupted...
Apache server interrupted...
Apache server interrupted...
Apache server interrupted...
Apache server interrupted...
Apache server interrupted...
Apache server interrupted...
Apache server interrupted...
Apache server interrupted...
Apache server interrupted...
Apache server interrupted...
Apache server interrupted...
Apache server interrupted...
Apache server interrupted...
Apache server interrupted...
Apache server interrupted...
Apache server interrupted...
Apache server interrupted...
Apache server interrupted...
Apache server interrupted...
Apache server interrupted...
Apache server interrupted...
Apache server interrupted...
Apache server interrupted...
Apache server interrupted...
Apache server interrupted...
Apache server interrupted...
Apache server interrupted...
Apache server interrupted...
Apache server interrupted...
Apache server interrupted...
Apache server interrupted...
Apache server interrupted...
Apache server interrupted...
[Mon Aug 28 14:09:40.402896 2023] [mpm_winnt:notice] [pid 21688:tid 336] AH00431: Parent: Forcing termination of child process 9564
[Mon Aug 28 14:09:47.515819 2023] [mpm_winnt:notice] [pid 24924:tid 380] AH00455: Apache/2.4.57 (Win64) configured -- resuming normal operations
[Mon Aug 28 14:09:47.516820 2023] [mpm_winnt:notice] [pid 24924:tid 380] AH00456: Apache Lounge VS17 Server built: Aug  2 2023 17:28:16
[Mon Aug 28 14:09:47.516820 2023] [core:notice] [pid 24924:tid 380] AH00094: Command line: 'C:\\Users\\wlovi\\OneDrive\\Desktop\\Apache24\\bin\\httpd.exe -d C:/Users/wlovi/OneDrive/Desktop/Apache24'
[Mon Aug 28 14:09:47.521451 2023] [mpm_winnt:notice] [pid 24924:tid 380] AH00418: Parent: Created child process 4744
Apache server interrupted...
023] [mpm_winnt:notice] [pid 4744:tid 336] AH00354: Child: Starting 64 worker threads.
[Mon Aug 28 14:10:01.868476 2023] [proxy:error] [pid 4744:tid 992] [client ::1:55198] AH00898: DNS lookup failure for: acm.cs.virginia.eduassets returned by /app/assets/bootstrap.css, referer: http://localhost/app/
[Mon Aug 28 14:10:01.868476 2023] [proxy:error] [pid 4744:tid 960] [client ::1:55199] AH00898: DNS lookup failure for: acm.cs.virginia.eduassets returned by /app/assets/custom.css, referer: http://localhost/app/
[Mon Aug 28 14:10:01.884596 2023] [proxy:error] [pid 4744:tid 956] [client ::1:55201] AH00898: DNS lookup failure for: acm.cs.virginia.eduimages returned by /app/images/discord_logo_small.png, referer: http://localhost/app/
[Mon Aug 28 14:10:01.915494 2023] [proxy:error] [pid 4744:tid 952] [client ::1:55202] AH00898: DNS lookup failure for: acm.cs.virginia.edujs returned by /app/js/events.js, referer: http://localhost/app/
[Mon Aug 28 14:11:33.911825 2023] [mpm_winnt:notice] [pid 24924:tid 380] AH00422: Parent: Received shutdown signal -- Shutting down the server.
Apache server interrupted...
Apache server interrupted...
Apache server interrupted...
Apache server interrupted...
Apache server interrupted...
Apache server interrupted...
Apache server interrupted...
Apache server interrupted...
Apache server interrupted...
Apache server interrupted...
[Mon Aug 28 14:11:35.922554 2023] [mpm_winnt:notice] [pid 4744:tid 336] AH00364: Child: All worker threads have exited.
[Mon Aug 28 14:11:35.966796 2023] [mpm_winnt:notice] [pid 24924:tid 380] AH00430: Parent: Child process 4744 exited successfully.
[Wed Aug 30 13:06:48.636809 2023] [mpm_winnt:notice] [pid 25216:tid 388] AH00455: Apache/2.4.57 (Win64) configured -- resuming normal operations
[Wed Aug 30 13:06:48.638810 2023] [mpm_winnt:notice] [pid 25216:tid 388] AH00456: Apache Lounge VS17 Server built: Aug  2 2023 17:28:16
[Wed Aug 30 13:06:48.638810 2023] [core:notice] [pid 25216:tid 388] AH00094: Command line: 'C:\\Users\\wlovi\\Apache24\\bin\\httpd.exe -d C:/Users/wlovi/Apache24'
[Wed Aug 30 13:06:48.649148 2023] [mpm_winnt:notice] [pid 25216:tid 388] AH00418: Parent: Created child process 12300
Apache server interrupted...
023] [mpm_winnt:notice] [pid 12300:tid 336] AH00354: Child: Starting 64 worker threads.
[Wed Aug 30 13:08:27.119964 2023] [authz_host:error] [pid 12300:tid 984] [client ::1:42732] AH01753: access check of 'localhost' to /server-status failed, reason: unable to get the remote host name
[Wed Aug 30 13:08:27.119964 2023] [authz_core:error] [pid 12300:tid 984] [client ::1:42732] AH01630: client denied by server configuration: C:/Users/wlovi/Apache24/htdocs/server-status
[Wed Aug 30 13:15:51.347060 2023] [mpm_winnt:notice] [pid 25216:tid 388] AH00422: Parent: Received shutdown signal -- Shutting down the server.
Apache server interrupted...
Apache server interrupted...
Apache server interrupted...
[Wed Aug 30 13:15:53.373959 2023] [mpm_winnt:notice] [pid 12300:tid 336] AH00364: Child: All worker threads have exited.
[Wed Aug 30 13:15:53.440035 2023] [mpm_winnt:notice] [pid 25216:tid 388] AH00430: Parent: Child process 12300 exited successfully.
[Wed Aug 30 13:19:07.389462 2023] [mpm_winnt:notice] [pid 13244:tid 348] AH00455: Apache/2.4.57 (Win64) configured -- resuming normal operations
[Wed Aug 30 13:19:07.390472 2023] [mpm_winnt:notice] [pid 13244:tid 348] AH00456: Apache Lounge VS17 Server built: Aug  2 2023 17:28:16
[Wed Aug 30 13:19:07.390472 2023] [core:notice] [pid 13244:tid 348] AH00094: Command line: 'httpd.exe -d C:/Users/wlovi/Apache24'
[Wed Aug 30 13:19:07.399764 2023] [mpm_winnt:notice] [pid 13244:tid 348] AH00418: Parent: Created child process 220
Apache server interrupted...
023] [mpm_winnt:notice] [pid 220:tid 348] AH00354: Child: Starting 64 worker threads.
[Wed Aug 30 13:20:49.333971 2023] [win32:error] [pid 220:tid 1032] [client ::1:42851] AH02102: C:/Users/wlovi/Apache24/cgi-bin/printenv.pl is not executable; ensure interpreted scripts have "#!" or "'!" first line
[Wed Aug 30 13:20:49.333971 2023] [cgi:error] [pid 220:tid 1032] (9)Bad file descriptor: [client ::1:42851] AH01222: don't know how to spawn child process: C:/Users/wlovi/Apache24/cgi-bin/printenv.pl
[Wed Aug 30 13:21:55.722488 2023] [cgi:error] [pid 220:tid 1028] (OS 2)The system cannot find the file specified.  : [client ::1:42858] couldn't create child process: 720002: printenv.pl
[Wed Aug 30 13:21:55.722488 2023] [cgi:error] [pid 220:tid 1028] (OS 2)The system cannot find the file specified.  : [client ::1:42858] AH01223: couldn't spawn child process: C:/Users/wlovi/Apache24/cgi-bin/printenv.pl
[Wed Aug 30 13:21:58.185209 2023] [cgi:error] [pid 220:tid 1032] (OS 2)The system cannot find the file specified.  : [client ::1:42859] couldn't create child process: 720002: printenv.pl
[Wed Aug 30 13:21:58.185209 2023] [cgi:error] [pid 220:tid 1032] (OS 2)The system cannot find the file specified.  : [client ::1:42859] AH01223: couldn't spawn child process: C:/Users/wlovi/Apache24/cgi-bin/printenv.pl
[Wed Aug 30 13:22:00.440985 2023] [cgi:error] [pid 220:tid 1028] [client ::1:42860] AH02811: script not found or unable to stat: C:/Users/wlovi/Apache24/cgi-bin/printenv
[Wed Aug 30 13:23:53.729229 2023] [cgi:error] [pid 220:tid 1032] (OS 2)The system cannot find the file specified.  : [client ::1:42868] couldn't create child process: 720002: printenv.pl
[Wed Aug 30 13:23:53.729229 2023] [cgi:error] [pid 220:tid 1032] (OS 2)The system cannot find the file specified.  : [client ::1:42868] AH01223: couldn't spawn child process: C:/Users/wlovi/Apache24/cgi-bin/printenv.pl
[Wed Aug 30 13:24:10.503864 2023] [cgi:error] [pid 220:tid 1028] (OS 2)The system cannot find the file specified.  : [client ::1:42869] couldn't create child process: 720002: printenv.pl
[Wed Aug 30 13:24:10.504967 2023] [cgi:error] [pid 220:tid 1028] (OS 2)The system cannot find the file specified.  : [client ::1:42869] AH01223: couldn't spawn child process: C:/Users/wlovi/Apache24/cgi-bin/printenv.pl
[Wed Aug 30 13:24:11.235758 2023] [cgi:error] [pid 220:tid 1032] (OS 2)The system cannot find the file specified.  : [client ::1:42871] couldn't create child process: 720002: printenv.pl
[Wed Aug 30 13:24:11.235758 2023] [cgi:error] [pid 220:tid 1032] (OS 2)The system cannot find the file specified.  : [client ::1:42871] AH01223: couldn't spawn child process: C:/Users/wlovi/Apache24/cgi-bin/printenv.pl
[Wed Aug 30 13:27:04.835275 2023] [authz_host:error] [pid 220:tid 1028] [client ::1:42882] AH01753: access check of 'localhost' to /server-status failed, reason: unable to get the remote host name
[Wed Aug 30 13:27:04.835275 2023] [authz_core:error] [pid 220:tid 1028] [client ::1:42882] AH01630: client denied by server configuration: C:/Users/wlovi/Apache24/htdocs/server-status
[Wed Aug 30 13:27:57.374058 2023] [cgi:error] [pid 220:tid 1028] (OS 2)The system cannot find the file specified.  : [client ::1:42886] couldn't create child process: 720002: printenv.pl
[Wed Aug 30 13:27:57.375074 2023] [cgi:error] [pid 220:tid 1028] (OS 2)The system cannot find the file specified.  : [client ::1:42886] AH01223: couldn't spawn child process: C:/Users/wlovi/Apache24/cgi-bin/printenv.pl
[Wed Aug 30 13:29:20.828332 2023] [authz_host:error] [pid 220:tid 1032] [client ::1:42903] AH01753: access check of 'localhost' to /server-status failed, reason: unable to get the remote host name
[Wed Aug 30 13:29:20.828332 2023] [authz_core:error] [pid 220:tid 1032] [client ::1:42903] AH01630: client denied by server configuration: C:/Users/wlovi/Apache24/htdocs/server-status
[Wed Aug 30 13:29:38.629951 2023] [authz_host:error] [pid 220:tid 1028] [client ::1:42904] AH01753: access check of 'localhost' to /server-status failed, reason: unable to get the remote host name
[Wed Aug 30 13:29:38.629951 2023] [authz_core:error] [pid 220:tid 1028] [client ::1:42904] AH01630: client denied by server configuration: C:/Users/wlovi/Apache24/htdocs/server-status
[Wed Aug 30 13:30:06.667869 2023] [mpm_winnt:notice] [pid 13244:tid 348] AH00422: Parent: Received shutdown signal -- Shutting down the server.
Apache server interrupted...
Apache server interrupted...
Apache server interrupted...
Apache server interrupted...
Apache server interrupted...
Apache server interrupted...
Apache server interrupted...
Apache server interrupted...
Apache server interrupted...
Apache server interrupted...
Apache server interrupted...
Apache server interrupted...
Apache server interrupted...
Apache server interrupted...
Apache server interrupted...
Apache server interrupted...
Apache server interrupted...
Apache server interrupted...
Apache server interrupted...
Apache server interrupted...
Apache server interrupted...
Apache server interrupted...
Apache server interrupted...
Apache server interrupted...
Apache server interrupted...
Apache server interrupted...
Apache server interrupted...
Apache server interrupted...
Apache server interrupted...
Apache server interrupted...
Apache server interrupted...
Apache server shutdown initiated...
[Wed Aug 30 13:30:33.036971 2023] [core:warn] [pid 20572:tid 336] AH00098: pid file C:/Users/wlovi/Apache24/logs/httpd.pid overwritten -- Unclean shutdown of previous Apache run?
[Wed Aug 30 13:30:33.039715 2023] [mpm_winnt:notice] [pid 20572:tid 336] AH00455: Apache/2.4.57 (Win64) configured -- resuming normal operations
[Wed Aug 30 13:30:33.039715 2023] [mpm_winnt:notice] [pid 20572:tid 336] AH00456: Apache Lounge VS17 Server built: Aug  2 2023 17:28:16
[Wed Aug 30 13:30:33.039715 2023] [core:notice] [pid 20572:tid 336] AH00094: Command line: 'C:\\Users\\wlovi\\Apache24\\bin\\httpd.exe -d C:/Users/wlovi/Apache24'
[Wed Aug 30 13:30:33.044722 2023] [mpm_winnt:notice] [pid 20572:tid 336] AH00418: Parent: Created child process 14104
Apache server interrupted...
023] [mpm_winnt:notice] [pid 14104:tid 332] AH00354: Child: Starting 64 worker threads.
[Wed Aug 30 13:30:35.119137 2023] [authz_host:error] [pid 220:tid 1032] [client ::1:42908] AH01753: access check of 'localhost' to /server-status failed, reason: unable to get the remote host name
[Wed Aug 30 13:30:35.119137 2023] [authz_core:error] [pid 220:tid 1032] [client ::1:42908] AH01630: client denied by server configuration: C:/Users/wlovi/Apache24/htdocs/server-status
[Wed Aug 30 13:30:35.133664 2023] [mpm_winnt:notice] [pid 220:tid 348] AH00364: Child: All worker threads have exited.
[Wed Aug 30 13:30:35.889235 2023] [authz_host:error] [pid 14104:tid 996] [client ::1:42914] AH01753: access check of 'localhost' to /server-status failed, reason: unable to get the remote host name
[Wed Aug 30 13:30:35.889235 2023] [authz_core:error] [pid 14104:tid 996] [client ::1:42914] AH01630: client denied by server configuration: C:/Users/wlovi/Apache24/htdocs/server-status
[Wed Aug 30 13:30:46.598126 2023] [authz_host:error] [pid 14104:tid 988] [client ::1:42915] AH01753: access check of 'localhost' to /server-status failed, reason: unable to get the remote host name
[Wed Aug 30 13:30:46.598126 2023] [authz_core:error] [pid 14104:tid 988] [client ::1:42915] AH01630: client denied by server configuration: C:/Users/wlovi/Apache24/htdocs/server-status
[Wed Aug 30 13:30:53.242388 2023] [mpm_winnt:notice] [pid 20572:tid 336] AH00422: Parent: Received shutdown signal -- Shutting down the server.
Apache server interrupted...
Apache server interrupted...
Apache server interrupted...
Apache server interrupted...
Apache server interrupted...
Apache server interrupted...
Apache server interrupted...
Apache server interrupted...
Apache server interrupted...
Apache server interrupted...
Apache server interrupted...
Apache server interrupted...
Apache server interrupted...
Apache server interrupted...
Apache server interrupted...
Apache server interrupted...
Apache server interrupted...
Apache server interrupted...
[Wed Aug 30 13:31:23.248513 2023] [mpm_winnt:notice] [pid 20572:tid 336] AH00431: Parent: Forcing termination of child process 14104
[Wed Aug 30 13:32:39.744346 2023] [mpm_winnt:notice] [pid 22920:tid 340] AH00455: Apache/2.4.57 (Win64) configured -- resuming normal operations
[Wed Aug 30 13:32:39.745315 2023] [mpm_winnt:notice] [pid 22920:tid 340] AH00456: Apache Lounge VS17 Server built: Aug  2 2023 17:28:16
[Wed Aug 30 13:32:39.745315 2023] [core:notice] [pid 22920:tid 340] AH00094: Command line: 'C:\\Users\\wlovi\\Apache24\\bin\\httpd.exe -d C:/Users/wlovi/Apache24'
[Wed Aug 30 13:32:39.750356 2023] [mpm_winnt:notice] [pid 22920:tid 340] AH00418: Parent: Created child process 20928
Apache server interrupted...
023] [mpm_winnt:notice] [pid 20928:tid 340] AH00354: Child: Starting 64 worker threads.
[Wed Aug 30 13:32:46.886988 2023] [authz_host:error] [pid 20928:tid 964] [client ::1:42931] AH01753: access check of 'localhost' to /server-status failed, reason: unable to get the remote host name
[Wed Aug 30 13:32:46.886988 2023] [authz_core:error] [pid 20928:tid 964] [client ::1:42931] AH01630: client denied by server configuration: C:/Users/wlovi/Apache24/htdocs/server-status
[Wed Aug 30 13:34:26.418722 2023] [proxy:error] [pid 20928:tid 964] [client ::1:42942] AH00898: DNS lookup failure for: acm.cs.virginia.eduassets returned by /app/assets/bootstrap.css, referer: http://localhost/app/
[Wed Aug 30 13:34:26.418722 2023] [proxy:error] [pid 20928:tid 960] [client ::1:42945] AH00898: DNS lookup failure for: acm.cs.virginia.eduassets returned by /app/assets/custom.css, referer: http://localhost/app/
[Wed Aug 30 13:34:26.419734 2023] [proxy:error] [pid 20928:tid 956] [client ::1:42947] AH00898: DNS lookup failure for: acm.cs.virginia.eduimages returned by /app/images/discord_logo_small.png, referer: http://localhost/app/
[Wed Aug 30 13:34:26.452647 2023] [proxy:error] [pid 20928:tid 952] [client ::1:42948] AH00898: DNS lookup failure for: acm.cs.virginia.edujs returned by /app/js/events.js, referer: http://localhost/app/
[Wed Aug 30 13:34:31.727369 2023] [proxy:error] [pid 20928:tid 952] [client ::1:42948] AH00898: DNS lookup failure for: acm.cs.virginia.eduassets returned by /app/assets/bootstrap.css, referer: http://localhost/app/
[Wed Aug 30 13:34:31.727369 2023] [proxy:error] [pid 20928:tid 956] [client ::1:42956] AH00898: DNS lookup failure for: acm.cs.virginia.eduassets returned by /app/assets/custom.css, referer: http://localhost/app/
[Wed Aug 30 13:34:31.748444 2023] [proxy:error] [pid 20928:tid 964] [client ::1:42959] AH00898: DNS lookup failure for: acm.cs.virginia.edujs returned by /app/js/events.js, referer: http://localhost/app/
[Wed Aug 30 13:34:31.748444 2023] [proxy:error] [pid 20928:tid 960] [client ::1:42958] AH00898: DNS lookup failure for: acm.cs.virginia.eduimages returned by /app/images/discord_logo_small.png, referer: http://localhost/app/
[Wed Aug 30 13:34:34.926491 2023] [authz_host:error] [pid 20928:tid 960] [client ::1:42958] AH01753: access check of 'localhost' to /server-status failed, reason: unable to get the remote host name
[Wed Aug 30 13:34:34.926491 2023] [authz_core:error] [pid 20928:tid 960] [client ::1:42958] AH01630: client denied by server configuration: C:/Users/wlovi/Apache24/htdocs/server-status
[Wed Aug 30 13:34:49.751868 2023] [mpm_winnt:notice] [pid 22920:tid 340] AH00422: Parent: Received shutdown signal -- Shutting down the server.
Apache server interrupted...
Apache server interrupted...
Apache server interrupted...
Apache server interrupted...
Apache server interrupted...
Apache server interrupted...
Apache server interrupted...
Apache server interrupted...
[Wed Aug 30 13:34:51.768413 2023] [mpm_winnt:notice] [pid 20928:tid 340] AH00364: Child: All worker threads have exited.
[Wed Aug 30 13:34:51.829999 2023] [mpm_winnt:notice] [pid 22920:tid 340] AH00430: Parent: Child process 20928 exited successfully.
[Wed Aug 30 13:34:58.621923 2023] [mpm_winnt:notice] [pid 18596:tid 376] AH00455: Apache/2.4.57 (Win64) configured -- resuming normal operations
[Wed Aug 30 13:34:58.622496 2023] [mpm_winnt:notice] [pid 18596:tid 376] AH00456: Apache Lounge VS17 Server built: Aug  2 2023 17:28:16
[Wed Aug 30 13:34:58.622496 2023] [core:notice] [pid 18596:tid 376] AH00094: Command line: 'C:\\Users\\wlovi\\Apache24\\bin\\httpd.exe -d C:/Users/wlovi/Apache24'
[Wed Aug 30 13:34:58.637556 2023] [mpm_winnt:notice] [pid 18596:tid 376] AH00418: Parent: Created child process 7304
Apache server interrupted...
023] [mpm_winnt:notice] [pid 7304:tid 348] AH00354: Child: Starting 64 worker threads.
[Wed Aug 30 13:35:18.450973 2023] [cgi:error] [pid 7304:tid 968] (OS 2)The system cannot find the file specified.  : [client ::1:42963] couldn't create child process: 720002: printenv.pl
[Wed Aug 30 13:35:18.452006 2023] [cgi:error] [pid 7304:tid 968] (OS 2)The system cannot find the file specified.  : [client ::1:42963] AH01223: couldn't spawn child process: C:/Users/wlovi/Apache24/cgi-bin/printenv.pl
[Wed Aug 30 13:35:18.565922 2023] [cgi:error] [pid 7304:tid 968] (OS 2)The system cannot find the file specified.  : [client ::1:42964] couldn't create child process: 720002: printenv.pl
[Wed Aug 30 13:35:18.565922 2023] [cgi:error] [pid 7304:tid 968] (OS 2)The system cannot find the file specified.  : [client ::1:42964] AH01223: couldn't spawn child process: C:/Users/wlovi/Apache24/cgi-bin/printenv.pl
[Wed Aug 30 13:41:31.708333 2023] [mpm_winnt:notice] [pid 18596:tid 376] AH00422: Parent: Received shutdown signal -- Shutting down the server.
Apache server interrupted...
Apache server interrupted...
Apache server interrupted...
Apache server interrupted...
Apache server interrupted...
Apache server interrupted...
Apache server interrupted...
Apache server interrupted...
Apache server interrupted...
Apache server interrupted...
Apache server interrupted...
023] [mpm_winnt:notice] [pid 7304:tid 348] AH00364: Child: All worker threads have exited.
[Wed Aug 30 13:41:33.799095 2023] [mpm_winnt:notice] [pid 18596:tid 376] AH00430: Parent: Child process 7304 exited successfully.
[Wed Aug 30 14:00:25.091806 2023] [mpm_winnt:notice] [pid 18244:tid 360] AH00455: Apache/2.4.57 (Win64) configured -- resuming normal operations
[Wed Aug 30 14:00:25.092807 2023] [mpm_winnt:notice] [pid 18244:tid 360] AH00456: Apache Lounge VS17 Server built: Aug  2 2023 17:28:16
[Wed Aug 30 14:00:25.092807 2023] [core:notice] [pid 18244:tid 360] AH00094: Command line: 'C:\\Users\\wlovi\\Apache24\\bin\\httpd.exe -d C:/Users/wlovi/Apache24'
[Wed Aug 30 14:00:25.096840 2023] [mpm_winnt:notice] [pid 18244:tid 360] AH00418: Parent: Created child process 17040
Apache server interrupted...
023] [mpm_winnt:notice] [pid 17040:tid 348] AH00354: Child: Starting 64 worker threads.
[Wed Aug 30 14:01:30.285231 2023] [mpm_winnt:notice] [pid 18244:tid 360] AH00422: Parent: Received shutdown signal -- Shutting down the server.
Apache server interrupted...
Apache server interrupted...
Apache server interrupted...
Apache server interrupted...
Apache server interrupted...
Apache server interrupted...
Apache server interrupted...
Apache server interrupted...
Apache server interrupted...
Apache server interrupted...
[Wed Aug 30 14:01:32.314421 2023] [mpm_winnt:notice] [pid 17040:tid 348] AH00364: Child: All worker threads have exited.
[Wed Aug 30 14:01:32.375661 2023] [mpm_winnt:notice] [pid 18244:tid 360] AH00430: Parent: Child process 17040 exited successfully.
[Wed Aug 30 14:01:34.964851 2023] [mpm_winnt:notice] [pid 16800:tid 364] AH00455: Apache/2.4.57 (Win64) configured -- resuming normal operations
[Wed Aug 30 14:01:34.964851 2023] [mpm_winnt:notice] [pid 16800:tid 364] AH00456: Apache Lounge VS17 Server built: Aug  2 2023 17:28:16
[Wed Aug 30 14:01:34.964851 2023] [core:notice] [pid 16800:tid 364] AH00094: Command line: 'C:\\Users\\wlovi\\Apache24\\bin\\httpd.exe -d C:/Users/wlovi/Apache24'
[Wed Aug 30 14:01:34.970845 2023] [mpm_winnt:notice] [pid 16800:tid 364] AH00418: Parent: Created child process 24088
Apache server interrupted...
023] [mpm_winnt:notice] [pid 24088:tid 340] AH00354: Child: Starting 64 worker threads.
[Wed Aug 30 14:02:49.188450 2023] [mpm_winnt:notice] [pid 16800:tid 364] AH00422: Parent: Received shutdown signal -- Shutting down the server.
Apache server interrupted...
Apache server interrupted...
Apache server interrupted...
Apache server interrupted...
Apache server interrupted...
Apache server interrupted...
Apache server interrupted...
Apache server interrupted...
023] [mpm_winnt:notice] [pid 24088:tid 340] AH00364: Child: All worker threads have exited.
[Wed Aug 30 14:02:51.260144 2023] [mpm_winnt:notice] [pid 16800:tid 364] AH00430: Parent: Child process 24088 exited successfully.
[Wed Aug 30 14:02:53.273085 2023] [mpm_winnt:notice] [pid 8460:tid 352] AH00455: Apache/2.4.57 (Win64) configured -- resuming normal operations
[Wed Aug 30 14:02:53.273637 2023] [mpm_winnt:notice] [pid 8460:tid 352] AH00456: Apache Lounge VS17 Server built: Aug  2 2023 17:28:16
[Wed Aug 30 14:02:53.273637 2023] [core:notice] [pid 8460:tid 352] AH00094: Command line: 'C:\\Users\\wlovi\\Apache24\\bin\\httpd.exe -d C:/Users/wlovi/Apache24'
[Wed Aug 30 14:02:53.278822 2023] [mpm_winnt:notice] [pid 8460:tid 352] AH00418: Parent: Created child process 25380
Apache server interrupted...
023] [mpm_winnt:notice] [pid 25380:tid 336] AH00354: Child: Starting 64 worker threads.
[Wed Aug 30 14:03:01.216880 2023] [proxy:error] [pid 25380:tid 996] [client ::1:43469] AH00898: DNS lookup failure for: acm.cs.virginia.eduassets returned by /app/assets/bootstrap.css, referer: http://localhost/app/
[Wed Aug 30 14:03:01.224386 2023] [proxy:error] [pid 25380:tid 996] [client ::1:43469] AH00898: DNS lookup failure for: acm.cs.virginia.eduassets returned by /app/assets/custom.css, referer: http://localhost/app/
[Wed Aug 30 14:03:01.229949 2023] [proxy:error] [pid 25380:tid 992] [client ::1:43471] AH00898: DNS lookup failure for: acm.cs.virginia.eduimages returned by /app/images/discord_logo_small.png, referer: http://localhost/app/
[Wed Aug 30 14:03:01.296872 2023] [proxy:error] [pid 25380:tid 992] [client ::1:43471] AH00898: DNS lookup failure for: acm.cs.virginia.edujs returned by /app/js/events.js, referer: http://localhost/app/
[Wed Aug 30 14:03:09.817576 2023] [cgi:error] [pid 25380:tid 992] (OS 2)The system cannot find the file specified.  : [client ::1:43475] couldn't create child process: 720002: printenv.pl
[Wed Aug 30 14:03:09.818580 2023] [cgi:error] [pid 25380:tid 992] (OS 2)The system cannot find the file specified.  : [client ::1:43475] AH01223: couldn't spawn child process: C:/Users/wlovi/Apache24/cgi-bin/printenv.pl
[Wed Aug 30 14:03:10.250307 2023] [cgi:error] [pid 25380:tid 992] (OS 2)The system cannot find the file specified.  : [client ::1:43476] couldn't create child process: 720002: printenv.pl
[Wed Aug 30 14:03:10.250307 2023] [cgi:error] [pid 25380:tid 992] (OS 2)The system cannot find the file specified.  : [client ::1:43476] AH01223: couldn't spawn child process: C:/Users/wlovi/Apache24/cgi-bin/printenv.pl
[Wed Aug 30 14:05:52.351923 2023] [mpm_winnt:notice] [pid 8460:tid 352] AH00422: Parent: Received shutdown signal -- Shutting down the server.
Apache server interrupted...
Apache server interrupted...
Apache server interrupted...
Apache server interrupted...
Apache server interrupted...
Apache server interrupted...
Apache server interrupted...
Apache server interrupted...
Apache server interrupted...
Apache server interrupted...
Apache server interrupted...
[Wed Aug 30 14:05:54.383705 2023] [mpm_winnt:notice] [pid 25380:tid 336] AH00364: Child: All worker threads have exited.
[Wed Aug 30 14:05:54.452088 2023] [mpm_winnt:notice] [pid 8460:tid 352] AH00430: Parent: Child process 25380 exited successfully.
Apache server interrupted...
[Wed Aug 30 14:34:31.468770 2023] [mpm_winnt:notice] [pid 2460:tid 336] AH00455: Apache/2.4.57 (Win64) configured -- resuming normal operations
[Wed Aug 30 14:34:31.470779 2023] [mpm_winnt:notice] [pid 2460:tid 336] AH00456: Apache Lounge VS17 Server built: Aug  2 2023 17:28:16
[Wed Aug 30 14:34:31.470779 2023] [core:notice] [pid 2460:tid 336] AH00094: Command line: 'C:\\Users\\wlovi\\Apache24\\bin\\httpd.exe -d C:/Users/wlovi/Apache24'
[Wed Aug 30 14:34:31.490373 2023] [mpm_winnt:notice] [pid 2460:tid 336] AH00418: Parent: Created child process 14520
Apache server interrupted...
023] [mpm_winnt:notice] [pid 14520:tid 348] AH00354: Child: Starting 64 worker threads.
[Wed Aug 30 14:49:00.674299 2023] [authz_host:error] [pid 14520:tid 960] [client ::1:46142] AH01753: access check of 'localhost' to /server-status failed, reason: unable to get the remote host name
[Wed Aug 30 14:49:00.674299 2023] [authz_core:error] [pid 14520:tid 960] [client ::1:46142] AH01630: client denied by server configuration: C:/Users/wlovi/Apache24/htdocs/server-status
[Wed Aug 30 14:49:15.596766 2023] [mpm_winnt:notice] [pid 2460:tid 336] AH00422: Parent: Received shutdown signal -- Shutting down the server.
Apache server interrupted...
Apache server interrupted...
Apache server interrupted...
Apache server interrupted...
Apache server interrupted...
Apache server interrupted...
Apache server interrupted...
Apache server interrupted...
Apache server interrupted...
Apache server interrupted...
Apache server interrupted...
Apache server interrupted...
Apache server interrupted...
Apache server interrupted...
Apache server interrupted...
Apache server interrupted...
Apache server interrupted...
[Wed Aug 30 14:49:45.601667 2023] [mpm_winnt:notice] [pid 2460:tid 336] AH00431: Parent: Forcing termination of child process 14520
[Wed Aug 30 14:50:08.817624 2023] [mpm_winnt:notice] [pid 13600:tid 352] AH00455: Apache/2.4.57 (Win64) configured -- resuming normal operations
[Wed Aug 30 14:50:08.819625 2023] [mpm_winnt:notice] [pid 13600:tid 352] AH00456: Apache Lounge VS17 Server built: Aug  2 2023 17:28:16
[Wed Aug 30 14:50:08.819625 2023] [core:notice] [pid 13600:tid 352] AH00094: Command line: 'C:\\Users\\wlovi\\Apache24\\bin\\httpd.exe -d C:/Users/wlovi/Apache24'
[Wed Aug 30 14:50:08.834350 2023] [mpm_winnt:notice] [pid 13600:tid 352] AH00418: Parent: Created child process 24312
Apache server interrupted...
023] [mpm_winnt:notice] [pid 24312:tid 332] AH00354: Child: Starting 64 worker threads.
[Wed Aug 30 14:50:16.633859 2023] [cgi:error] [pid 24312:tid 960] [client ::1:46169] AH02812: attempt to invoke directory as script: C:/Users/wlovi/Apache24/cgi-bin/
[Wed Aug 30 15:23:23.564718 2023] [mpm_winnt:notice] [pid 13600:tid 352] AH00422: Parent: Received shutdown signal -- Shutting down the server.
Apache server interrupted...
Apache server interrupted...
Apache server interrupted...
Apache server interrupted...
Apache server interrupted...
Apache server interrupted...
Apache server interrupted...
Apache server interrupted...
Apache server interrupted...
[Wed Aug 30 15:23:25.582334 2023] [mpm_winnt:notice] [pid 24312:tid 332] AH00364: Child: All worker threads have exited.
[Wed Aug 30 15:23:25.613707 2023] [mpm_winnt:notice] [pid 13600:tid 352] AH00430: Parent: Child process 24312 exited successfully.
[Wed Aug 30 15:27:05.285424 2023] [mpm_winnt:notice] [pid 24104:tid 368] AH00455: Apache/2.4.57 (Win64) configured -- resuming normal operations
[Wed Aug 30 15:27:05.287427 2023] [mpm_winnt:notice] [pid 24104:tid 368] AH00456: Apache Lounge VS17 Server built: Aug  2 2023 17:28:16
[Wed Aug 30 15:27:05.287427 2023] [core:notice] [pid 24104:tid 368] AH00094: Command line: 'C:\\Users\\wlovi\\Apache24\\bin\\httpd.exe -d C:/Users/wlovi/Apache24'
[Wed Aug 30 15:27:05.299641 2023] [mpm_winnt:notice] [pid 24104:tid 368] AH00418: Parent: Created child process 23088
Apache server interrupted...
023] [mpm_winnt:notice] [pid 23088:tid 348] AH00354: Child: Starting 64 worker threads.
[Wed Aug 30 15:27:15.727714 2023] [cgi:error] [pid 23088:tid 964] [client ::1:46541] AH02811: script not found or unable to stat: C:/Users/wlovi/Apache24/cgi-bin/html/form
[Wed Aug 30 15:27:18.932696 2023] [win32:error] [pid 23088:tid 964] [client ::1:46541] AH02102: C:/Users/wlovi/Apache24/cgi-bin/html/form.html is not executable; ensure interpreted scripts have "#!" or "'!" first line
[Wed Aug 30 15:27:18.932696 2023] [cgi:error] [pid 23088:tid 964] (9)Bad file descriptor: [client ::1:46541] AH01222: don't know how to spawn child process: C:/Users/wlovi/Apache24/cgi-bin/html/form.html
[Wed Aug 30 15:28:40.243828 2023] [mpm_winnt:notice] [pid 24104:tid 368] AH00422: Parent: Received shutdown signal -- Shutting down the server.
Apache server interrupted...
Apache server interrupted...
Apache server interrupted...
Apache server interrupted...
Apache server interrupted...
Apache server interrupted...
Apache server interrupted...
Apache server interrupted...
Apache server interrupted...
[Wed Aug 30 15:28:42.258684 2023] [mpm_winnt:notice] [pid 23088:tid 348] AH00364: Child: All worker threads have exited.
[Wed Aug 30 15:28:42.328694 2023] [mpm_winnt:notice] [pid 24104:tid 368] AH00430: Parent: Child process 23088 exited successfully.
[Wed Aug 30 15:31:07.883111 2023] [mpm_winnt:notice] [pid 19100:tid 336] AH00455: Apache/2.4.57 (Win64) configured -- resuming normal operations
[Wed Aug 30 15:31:07.884152 2023] [mpm_winnt:notice] [pid 19100:tid 336] AH00456: Apache Lounge VS17 Server built: Aug  2 2023 17:28:16
[Wed Aug 30 15:31:07.884152 2023] [core:notice] [pid 19100:tid 336] AH00094: Command line: 'C:\\Users\\wlovi\\Apache24\\bin\\httpd.exe -d C:/Users/wlovi/Apache24'
[Wed Aug 30 15:31:07.889165 2023] [mpm_winnt:notice] [pid 19100:tid 336] AH00418: Parent: Created child process 19720
[Wed Aug 30 15:31:08.400406 2023] [mpm_winnt:notice] [pid 19720:tid 360] AH00354: Child: Starting 64 worker threads.
[Wed Aug 30 15:31:13.415254 2023] [cgi:error] [pid 19720:tid 996] [client ::1:46582] AH02811: script not found or unable to stat: C:/Users/wlovi/Apache24/cgi-bin/html
[Fri Sep 01 13:33:52.990985 2023] [core:warn] [pid 2360:tid 376] AH00098: pid file C:/Users/wlovi/Apache24/logs/httpd.pid overwritten -- Unclean shutdown of previous Apache run?
[Fri Sep 01 13:33:53.000153 2023] [mpm_winnt:notice] [pid 2360:tid 376] AH00455: Apache/2.4.57 (Win64) configured -- resuming normal operations
[Fri Sep 01 13:33:53.000153 2023] [mpm_winnt:notice] [pid 2360:tid 376] AH00456: Apache Lounge VS17 Server built: Aug  2 2023 17:28:16
[Fri Sep 01 13:33:53.000153 2023] [core:notice] [pid 2360:tid 376] AH00094: Command line: 'C:\\Users\\wlovi\\Apache24\\bin\\httpd.exe -d C:/Users/wlovi/Apache24'
[Fri Sep 01 13:33:53.017466 2023] [mpm_winnt:notice] [pid 2360:tid 376] AH00418: Parent: Created child process 18752
Apache server interrupted...
023] [mpm_winnt:notice] [pid 18752:tid 348] AH00354: Child: Starting 64 worker threads.
[Fri Sep 01 14:45:43.494832 2023] [mpm_winnt:notice] [pid 2360:tid 376] AH00422: Parent: Received shutdown signal -- Shutting down the server.
Apache server interrupted...
Apache server interrupted...
Apache server interrupted...
Apache server interrupted...
Apache server interrupted...
Apache server interrupted...
[Fri Sep 01 14:45:45.500846 2023] [mpm_winnt:notice] [pid 18752:tid 348] AH00364: Child: All worker threads have exited.
[Fri Sep 01 14:45:45.563735 2023] [mpm_winnt:notice] [pid 2360:tid 376] AH00430: Parent: Child process 18752 exited successfully.
[Mon Sep 04 13:01:21.003749 2023] [mpm_winnt:notice] [pid 15388:tid 364] AH00455: Apache/2.4.57 (Win64) configured -- resuming normal operations
[Mon Sep 04 13:01:21.003749 2023] [mpm_winnt:notice] [pid 15388:tid 364] AH00456: Apache Lounge VS17 Server built: Aug  2 2023 17:28:16
[Mon Sep 04 13:01:21.003749 2023] [core:notice] [pid 15388:tid 364] AH00094: Command line: 'C:\\Users\\wlovi\\Apache24\\bin\\httpd.exe -d C:/Users/wlovi/Apache24'
[Mon Sep 04 13:01:21.028960 2023] [mpm_winnt:notice] [pid 15388:tid 364] AH00418: Parent: Created child process 20780
Apache server interrupted...
023] [mpm_winnt:notice] [pid 20780:tid 388] AH00354: Child: Starting 64 worker threads.
[Mon Sep 04 13:01:35.613384 2023] [proxy:error] [pid 20780:tid 996] [client ::1:32280] AH00898: DNS lookup failure for: acm.cs.virginia.eduassets returned by /app/assets/bootstrap.css, referer: http://localhost/app/
[Mon Sep 04 13:01:35.613384 2023] [proxy:error] [pid 20780:tid 992] [client ::1:32283] AH00898: DNS lookup failure for: acm.cs.virginia.eduassets returned by /app/assets/custom.css, referer: http://localhost/app/
[Mon Sep 04 13:01:35.617008 2023] [proxy:error] [pid 20780:tid 984] [client ::1:32285] AH00898: DNS lookup failure for: acm.cs.virginia.eduimages returned by /app/images/discord_logo_small.png, referer: http://localhost/app/
[Mon Sep 04 13:01:35.628094 2023] [proxy:error] [pid 20780:tid 968] [client ::1:32286] AH00898: DNS lookup failure for: acm.cs.virginia.edujs returned by /app/js/events.js, referer: http://localhost/app/
[Mon Sep 04 14:03:19.915506 2023] [mpm_winnt:notice] [pid 15388:tid 364] AH00422: Parent: Received shutdown signal -- Shutting down the server.
Apache server interrupted...
Apache server interrupted...
Apache server interrupted...
Apache server interrupted...
Apache server interrupted...
Apache server interrupted...
Apache server interrupted...
Apache server interrupted...
[Mon Sep 04 14:03:21.928463 2023] [mpm_winnt:notice] [pid 20780:tid 388] AH00364: Child: All worker threads have exited.
[Mon Sep 04 14:03:21.959927 2023] [mpm_winnt:notice] [pid 15388:tid 364] AH00430: Parent: Child process 20780 exited successfully.
[Mon Sep 04 14:38:08.537272 2023] [mpm_winnt:notice] [pid 19884:tid 396] AH00455: Apache/2.4.57 (Win64) configured -- resuming normal operations
[Mon Sep 04 14:38:08.537272 2023] [mpm_winnt:notice] [pid 19884:tid 396] AH00456: Apache Lounge VS17 Server built: Aug  2 2023 17:28:16
[Mon Sep 04 14:38:08.537272 2023] [core:notice] [pid 19884:tid 396] AH00094: Command line: 'C:\\Users\\wlovi\\Apache24\\bin\\httpd.exe -d C:/Users/wlovi/Apache24'
[Mon Sep 04 14:38:08.540313 2023] [mpm_winnt:notice] [pid 19884:tid 396] AH00418: Parent: Created child process 1976
Apache server interrupted...
023] [mpm_winnt:notice] [pid 1976:tid 344] AH00354: Child: Starting 64 worker threads.
[Mon Sep 04 23:19:02.608545 2023] [mpm_winnt:notice] [pid 19884:tid 396] AH00422: Parent: Received shutdown signal -- Shutting down the server.
Apache server interrupted...
Apache server interrupted...
Apache server interrupted...
Apache server interrupted...
Apache server interrupted...
Apache server interrupted...
Apache server interrupted...
Apache server interrupted...
[Mon Sep 04 23:19:04.629735 2023] [mpm_winnt:notice] [pid 1976:tid 344] AH00364: Child: All worker threads have exited.
[Mon Sep 04 23:19:04.694614 2023] [mpm_winnt:notice] [pid 19884:tid 396] AH00430: Parent: Child process 1976 exited successfully.
[Wed Sep 06 13:02:08.628524 2023] [mpm_winnt:notice] [pid 16000:tid 336] AH00455: Apache/2.4.57 (Win64) configured -- resuming normal operations
[Wed Sep 06 13:02:08.630593 2023] [mpm_winnt:notice] [pid 16000:tid 336] AH00456: Apache Lounge VS17 Server built: Aug  2 2023 17:28:16
[Wed Sep 06 13:02:08.630593 2023] [core:notice] [pid 16000:tid 336] AH00094: Command line: 'C:\\Users\\wlovi\\Apache24\\bin\\httpd.exe -d C:/Users/wlovi/Apache24'
[Wed Sep 06 13:02:08.634099 2023] [mpm_winnt:notice] [pid 16000:tid 336] AH00418: Parent: Created child process 10660
Apache server interrupted...
023] [mpm_winnt:notice] [pid 10660:tid 364] AH00354: Child: Starting 64 worker threads.
[Wed Sep 06 19:45:47.241635 2023] [mpm_winnt:notice] [pid 16000:tid 336] AH00422: Parent: Received shutdown signal -- Shutting down the server.
Apache server interrupted...
Apache server interrupted...
Apache server interrupted...
Apache server interrupted...
Apache server interrupted...
Apache server interrupted...
Apache server interrupted...
023] [mpm_winnt:notice] [pid 10660:tid 364] AH00364: Child: All worker threads have exited.
[Wed Sep 06 19:45:49.279376 2023] [mpm_winnt:notice] [pid 16000:tid 336] AH00430: Parent: Child process 10660 exited successfully.
[Fri Sep 08 13:29:00.810256 2023] [mpm_winnt:notice] [pid 3588:tid 388] AH00455: Apache/2.4.57 (Win64) configured -- resuming normal operations
[Fri Sep 08 13:29:00.810256 2023] [mpm_winnt:notice] [pid 3588:tid 388] AH00456: Apache Lounge VS17 Server built: Aug  2 2023 17:28:16
[Fri Sep 08 13:29:00.810256 2023] [core:notice] [pid 3588:tid 388] AH00094: Command line: 'C:\\Users\\wlovi\\Apache24\\bin\\httpd.exe -d C:/Users/wlovi/Apache24'
[Fri Sep 08 13:29:00.815138 2023] [mpm_winnt:notice] [pid 3588:tid 388] AH00418: Parent: Created child process 15912
Apache server interrupted...
023] [mpm_winnt:notice] [pid 15912:tid 356] AH00354: Child: Starting 64 worker threads.
[Sat Sep 09 08:09:58.658683 2023] [mpm_winnt:notice] [pid 3588:tid 388] AH00422: Parent: Received shutdown signal -- Shutting down the server.
Apache server interrupted...
Apache server interrupted...
Apache server interrupted...
Apache server interrupted...
Apache server interrupted...
Apache server interrupted...
Apache server interrupted...
Apache server interrupted...
[Sat Sep 09 08:10:00.681838 2023] [mpm_winnt:notice] [pid 15912:tid 356] AH00364: Child: All worker threads have exited.
[Sat Sep 09 08:10:00.729667 2023] [mpm_winnt:notice] [pid 3588:tid 388] AH00430: Parent: Child process 15912 exited successfully.
[Mon Sep 11 12:56:34.345980 2023] [mpm_winnt:notice] [pid 19128:tid 336] AH00455: Apache/2.4.57 (Win64) configured -- resuming normal operations
[Mon Sep 11 12:56:34.345980 2023] [mpm_winnt:notice] [pid 19128:tid 336] AH00456: Apache Lounge VS17 Server built: Aug  2 2023 17:28:16
[Mon Sep 11 12:56:34.345980 2023] [core:notice] [pid 19128:tid 336] AH00094: Command line: 'C:\\Users\\wlovi\\Apache24\\bin\\httpd.exe -d C:/Users/wlovi/Apache24'
[Mon Sep 11 12:56:34.353948 2023] [mpm_winnt:notice] [pid 19128:tid 336] AH00418: Parent: Created child process 18328
Apache server interrupted...
023] [mpm_winnt:notice] [pid 18328:tid 332] AH00354: Child: Starting 64 worker threads.
[Mon Sep 11 20:26:21.375046 2023] [mpm_winnt:notice] [pid 19128:tid 336] AH00422: Parent: Received shutdown signal -- Shutting down the server.
Apache server interrupted...
Apache server interrupted...
Apache server interrupted...
Apache server interrupted...
[Mon Sep 11 20:26:23.402163 2023] [mpm_winnt:notice] [pid 18328:tid 332] AH00364: Child: All worker threads have exited.
[Mon Sep 11 20:26:23.464532 2023] [mpm_winnt:notice] [pid 19128:tid 336] AH00430: Parent: Child process 18328 exited successfully.
[Wed Sep 13 12:59:59.418947 2023] [mpm_winnt:notice] [pid 13868:tid 336] AH00455: Apache/2.4.57 (Win64) configured -- resuming normal operations
[Wed Sep 13 12:59:59.420556 2023] [mpm_winnt:notice] [pid 13868:tid 336] AH00456: Apache Lounge VS17 Server built: Aug  2 2023 17:28:16
[Wed Sep 13 12:59:59.420556 2023] [core:notice] [pid 13868:tid 336] AH00094: Command line: 'C:\\Users\\wlovi\\OneDrive\\Desktop\\Githubs\\Fall2023Classes\\internet_scale_applications\\Apache24\\bin\\httpd.exe -d C:/Users/wlovi/OneDrive/Desktop/Githubs/Fall2023Classes/internet_scale_applications/Apache24'
[Wed Sep 13 12:59:59.423727 2023] [mpm_winnt:notice] [pid 13868:tid 336] AH00418: Parent: Created child process 18664
Apache server interrupted...
023] [mpm_winnt:notice] [pid 18664:tid 352] AH00354: Child: Starting 64 worker threads.
[Wed Sep 13 13:40:10.492221 2023] [cgi:error] [pid 18664:tid 960] [client ::1:48568] End of script output before headers: timedScript.pl
[Wed Sep 13 13:40:10.492221 2023] [cgi:error] [pid 18664:tid 960] [client ::1:48568] AH01215: syntax error at C:/Users/wlovi/OneDrive/Desktop/Githubs/Fall2023Classes/internet_scale_applications/Apache24/cgi-bin/timedScript.pl line 3, near "(:"\r: C:/Users/wlovi/OneDrive/Desktop/Githubs/Fall2023Classes/internet_scale_applications/Apache24/cgi-bin/timedScript.pl
[Wed Sep 13 13:40:10.492221 2023] [cgi:error] [pid 18664:tid 960] [client ::1:48568] AH01215: Execution of C:/Users/wlovi/OneDrive/Desktop/Githubs/Fall2023Classes/internet_scale_applications/Apache24/cgi-bin/timedScript.pl aborted due to compilation errors.\r: C:/Users/wlovi/OneDrive/Desktop/Githubs/Fall2023Classes/internet_scale_applications/Apache24/cgi-bin/timedScript.pl
[Wed Sep 13 13:42:41.587189 2023] [cgi:error] [pid 18664:tid 960] [client ::1:48574] Script timed out before returning headers: timedScript.pl
[Wed Sep 13 13:42:54.634363 2023] [cgi:error] [pid 18664:tid 988] [client ::1:48575] Script timed out before returning headers: timedScript.pl
[Wed Sep 13 19:36:41.120961 2023] [mpm_winnt:notice] [pid 13868:tid 336] AH00422: Parent: Received shutdown signal -- Shutting down the server.
Apache server interrupted...
Apache server interrupted...
Apache server interrupted...
Apache server interrupted...
Apache server interrupted...
Apache server interrupted...
Apache server interrupted...
Apache server interrupted...
Apache server interrupted...
023] [mpm_winnt:notice] [pid 18664:tid 352] AH00364: Child: All worker threads have exited.
[Wed Sep 13 19:36:43.155616 2023] [mpm_winnt:notice] [pid 13868:tid 336] AH00430: Parent: Child process 18664 exited successfully.
[Fri Sep 15 11:45:55.058394 2023] [mpm_winnt:notice] [pid 8628:tid 356] AH00455: Apache/2.4.57 (Win64) configured -- resuming normal operations
[Fri Sep 15 11:45:55.058394 2023] [mpm_winnt:notice] [pid 8628:tid 356] AH00456: Apache Lounge VS17 Server built: Aug  2 2023 17:28:16
[Fri Sep 15 11:45:55.058394 2023] [core:notice] [pid 8628:tid 356] AH00094: Command line: 'C:\\Users\\wlovi\\OneDrive\\Desktop\\Githubs\\Fall2023Classes\\internet_scale_applications\\Apache24\\bin\\httpd.exe -d C:/Users/wlovi/OneDrive/Desktop/Githubs/Fall2023Classes/internet_scale_applications/Apache24'
[Fri Sep 15 11:45:55.063905 2023] [mpm_winnt:notice] [pid 8628:tid 356] AH00418: Parent: Created child process 3476
[Fri Sep 15 11:45:55.598968 2023] [mpm_winnt:notice] [pid 3476:tid 348] AH00354: Child: Starting 64 worker threads.
[Fri Sep 15 13:04:58.095724 2023] [mpm_winnt:crit] [pid 3476:tid 348] AH02538: Child: Parent process exited abruptly. Child process is ending
[Fri Sep 15 13:04:58.095724 2023] [mpm_winnt:warn] [pid 3476:tid 1052] (OS 995)The I/O operation has been aborted because of either a thread exit or an application request.  : AH00341: winnt_accept: Asynchronous AcceptEx failed.
[Fri Sep 15 13:04:58.095724 2023] [mpm_winnt:warn] [pid 3476:tid 1056] (OS 995)The I/O operation has been aborted because of either a thread exit or an application request.  : AH00341: winnt_accept: Asynchronous AcceptEx failed.
[Fri Sep 15 13:05:00.111431 2023] [mpm_winnt:notice] [pid 3476:tid 348] AH00364: Child: All worker threads have exited.
[Fri Sep 15 13:05:29.689590 2023] [core:warn] [pid 6436:tid 356] AH00098: pid file C:/Users/wlovi/OneDrive/Desktop/Githubs/Fall2023Classes/internet_scale_applications/Apache24/logs/httpd.pid overwritten -- Unclean shutdown of previous Apache run?
[Fri Sep 15 13:05:29.689590 2023] [mpm_winnt:notice] [pid 6436:tid 356] AH00455: Apache/2.4.57 (Win64) configured -- resuming normal operations
[Fri Sep 15 13:05:29.689590 2023] [mpm_winnt:notice] [pid 6436:tid 356] AH00456: Apache Lounge VS17 Server built: Aug  2 2023 17:28:16
[Fri Sep 15 13:05:29.689590 2023] [core:notice] [pid 6436:tid 356] AH00094: Command line: 'C:\\Users\\wlovi\\OneDrive\\Desktop\\Githubs\\Fall2023Classes\\internet_scale_applications\\Apache24\\bin\\httpd.exe -d C:/Users/wlovi/OneDrive/Desktop/Githubs/Fall2023Classes/internet_scale_applications/Apache24'
[Fri Sep 15 13:05:29.704176 2023] [mpm_winnt:notice] [pid 6436:tid 356] AH00418: Parent: Created child process 9696
Apache server interrupted...
023] [mpm_winnt:notice] [pid 9696:tid 336] AH00354: Child: Starting 64 worker threads.
[Fri Sep 15 13:59:03.310326 2023] [mpm_winnt:notice] [pid 6436:tid 356] AH00422: Parent: Received shutdown signal -- Shutting down the server.
Apache server interrupted...
Apache server interrupted...
Apache server interrupted...
Apache server interrupted...
Apache server interrupted...
Apache server interrupted...
Apache server interrupted...
Apache server interrupted...
Apache server interrupted...
Apache server interrupted...
[Fri Sep 15 13:59:05.343980 2023] [mpm_winnt:notice] [pid 9696:tid 336] AH00364: Child: All worker threads have exited.
[Fri Sep 15 13:59:05.390840 2023] [mpm_winnt:notice] [pid 6436:tid 356] AH00430: Parent: Child process 9696 exited successfully.
[Mon Sep 18 13:05:25.523239 2023] [mpm_winnt:notice] [pid 10492:tid 336] AH00455: Apache/2.4.57 (Win64) configured -- resuming normal operations
[Mon Sep 18 13:05:25.527813 2023] [mpm_winnt:notice] [pid 10492:tid 336] AH00456: Apache Lounge VS17 Server built: Aug  2 2023 17:28:16
[Mon Sep 18 13:05:25.527813 2023] [core:notice] [pid 10492:tid 336] AH00094: Command line: 'C:\\Users\\wlovi\\OneDrive\\Desktop\\Githubs\\Fall2023Classes\\internet_scale_applications\\Apache24\\bin\\httpd.exe -d C:/Users/wlovi/OneDrive/Desktop/Githubs/Fall2023Classes/internet_scale_applications/Apache24'
[Mon Sep 18 13:05:25.538788 2023] [mpm_winnt:notice] [pid 10492:tid 336] AH00418: Parent: Created child process 8240
Apache server interrupted...
023] [mpm_winnt:notice] [pid 8240:tid 332] AH00354: Child: Starting 64 worker threads.
[Mon Sep 18 13:10:08.568734 2023] [proxy:error] [pid 8240:tid 1028] [client ::1:19941] AH00898: DNS lookup failure for: acm.cs.virginia.eduassets returned by /app/assets/bootstrap.css, referer: http://localhost/app/
[Mon Sep 18 13:10:08.601383 2023] [proxy:error] [pid 8240:tid 1028] [client ::1:19941] AH00898: DNS lookup failure for: acm.cs.virginia.eduassets returned by /app/assets/custom.css, referer: http://localhost/app/
[Mon Sep 18 13:10:08.734129 2023] [proxy:error] [pid 8240:tid 920] [client ::1:19944] AH00898: DNS lookup failure for: acm.cs.virginia.eduimages returned by /app/images/discord_logo_small.png, referer: http://localhost/app/
[Mon Sep 18 13:10:09.653753 2023] [proxy:error] [pid 8240:tid 1028] [client ::1:19941] AH00898: DNS lookup failure for: acm.cs.virginia.edujs returned by /app/js/events.js, referer: http://localhost/app/
[Mon Sep 18 13:13:24.523281 2023] [core:error] [pid 8240:tid 1028] (20024)The given path is misformatted or contained invalid characters: [client ::1:19960] AH00127: Cannot map GET /api:3000 HTTP/1.1 to file
[Mon Sep 18 13:13:30.011284 2023] [mpm_winnt:notice] [pid 10492:tid 336] AH00422: Parent: Received shutdown signal -- Shutting down the server.
Apache server interrupted...
Apache server interrupted...
Apache server interrupted...
Apache server interrupted...
Apache server interrupted...
Apache server interrupted...
Apache server interrupted...
Apache server interrupted...
Apache server interrupted...
Apache server interrupted...
Apache server interrupted...
Apache server interrupted...
Apache server interrupted...
Apache server interrupted...
Apache server interrupted...
Apache server interrupted...
Apache server interrupted...
Apache server interrupted...
Apache server interrupted...
Apache server interrupted...
Apache server interrupted...
Apache server interrupted...
Apache server interrupted...
Apache server interrupted...
Apache server interrupted...
Apache server interrupted...
Apache server interrupted...
Apache server interrupted...
Apache server interrupted...
Apache server interrupted...
Apache server interrupted...
Apache server interrupted...
Apache server interrupted...
Apache server interrupted...
[Mon Sep 18 13:14:00.017608 2023] [mpm_winnt:notice] [pid 10492:tid 336] AH00431: Parent: Forcing termination of child process 8240
[Mon Sep 18 13:29:03.179596 2023] [mpm_winnt:notice] [pid 22416:tid 344] AH00455: Apache/2.4.57 (Win64) configured -- resuming normal operations
[Mon Sep 18 13:29:03.179596 2023] [mpm_winnt:notice] [pid 22416:tid 344] AH00456: Apache Lounge VS17 Server built: Aug  2 2023 17:28:16
[Mon Sep 18 13:29:03.186613 2023] [core:notice] [pid 22416:tid 344] AH00094: Command line: 'httpd.exe -d C:/Users/wlovi/OneDrive/Desktop/Githubs/Fall2023Classes/internet_scale_applications/Apache24'
[Mon Sep 18 13:29:03.202259 2023] [mpm_winnt:notice] [pid 22416:tid 344] AH00418: Parent: Created child process 20204
[Mon Sep 18 13:29:03.731444 2023] [mpm_winnt:notice] [pid 20204:tid 340] AH00354: Child: Starting 64 worker threads.
[Mon Sep 18 13:29:55.312668 2023] [proxy:error] [pid 20204:tid 1004] (OS 10061)No connection could be made because the target machine actively refused it.  : AH00957: http: attempt to connect to 127.0.0.1:3000 (localhost:3000) failed
[Mon Sep 18 13:29:55.312668 2023] [proxy_http:error] [pid 20204:tid 1004] [client ::1:20192] AH01114: HTTP: failed to make connection to backend: localhost
[Mon Sep 18 14:10:16.411013 2023] [mpm_winnt:crit] [pid 20204:tid 340] AH02538: Child: Parent process exited abruptly. Child process is ending
[Mon Sep 18 14:10:16.411013 2023] [mpm_winnt:warn] [pid 20204:tid 1072] (OS 995)The I/O operation has been aborted because of either a thread exit or an application request.  : AH00341: winnt_accept: Asynchronous AcceptEx failed.
[Mon Sep 18 14:10:16.411013 2023] [mpm_winnt:warn] [pid 20204:tid 1048] (OS 995)The I/O operation has been aborted because of either a thread exit or an application request.  : AH00341: winnt_accept: Asynchronous AcceptEx failed.
[Mon Sep 18 14:10:18.425806 2023] [mpm_winnt:notice] [pid 20204:tid 340] AH00364: Child: All worker threads have exited.
[Mon Sep 18 20:07:39.472855 2023] [core:warn] [pid 10712:tid 356] AH00098: pid file C:/Users/wlovi/OneDrive/Desktop/Githubs/Fall2023Classes/internet_scale_applications/Apache24/logs/httpd.pid overwritten -- Unclean shutdown of previous Apache run?
[Mon Sep 18 20:07:39.472855 2023] [mpm_winnt:notice] [pid 10712:tid 356] AH00455: Apache/2.4.57 (Win64) configured -- resuming normal operations
[Mon Sep 18 20:07:39.472855 2023] [mpm_winnt:notice] [pid 10712:tid 356] AH00456: Apache Lounge VS17 Server built: Aug  2 2023 17:28:16
[Mon Sep 18 20:07:39.472855 2023] [core:notice] [pid 10712:tid 356] AH00094: Command line: 'httpd.exe -d C:/Users/wlovi/OneDrive/Desktop/Githubs/Fall2023Classes/internet_scale_applications/Apache24'
[Mon Sep 18 20:07:39.472855 2023] [mpm_winnt:notice] [pid 10712:tid 356] AH00418: Parent: Created child process 13712
Apache server shutdown initiated...
pm_winnt:notice] [pid 13712:tid 348] AH00354: Child: Starting 64 worker threads.
[Mon Sep 18 22:13:03.747878 2023] [mpm_winnt:notice] [pid 10712:tid 356] AH00422: Parent: Received shutdown signal -- Shutting down the server.
[Mon Sep 18 22:13:05.757877 2023] [mpm_winnt:notice] [pid 13712:tid 348] AH00364: Child: All worker threads have exited.
[Mon Sep 18 22:13:05.784055 2023] [mpm_winnt:notice] [pid 10712:tid 356] AH00430: Parent: Child process 13712 exited successfully.
[Wed Sep 20 13:40:23.950133 2023] [mpm_winnt:notice] [pid 11764:tid 364] AH00455: Apache/2.4.57 (Win64) configured -- resuming normal operations
[Wed Sep 20 13:40:23.950133 2023] [mpm_winnt:notice] [pid 11764:tid 364] AH00456: Apache Lounge VS17 Server built: Aug  2 2023 17:28:16
[Wed Sep 20 13:40:23.950133 2023] [core:notice] [pid 11764:tid 364] AH00094: Command line: 'C:\\Users\\wlovi\\OneDrive\\Desktop\\Githubs\\Fall2023Classes\\internet_scale_applications\\Apache24\\bin\\httpd.exe -d C:/Users/wlovi/OneDrive/Desktop/Githubs/Fall2023Classes/internet_scale_applications/Apache24'
[Wed Sep 20 13:40:23.956167 2023] [mpm_winnt:notice] [pid 11764:tid 364] AH00418: Parent: Created child process 21080
[Wed Sep 20 13:40:24.589591 2023] [mpm_winnt:notice] [pid 21080:tid 352] AH00354: Child: Starting 64 worker threads.
